[INFO  - 2019-09-09T05:46:30.965Z] GhostDriver - Main - running on port 51478
[INFO  - 2019-09-09T05:46:35.251Z] Session [2f1ed1d0-d2c5-11e9-94fb-77d690a33862] - page.settings - {"XSSAuditingEnabled":false,"javascriptCanCloseWindows":true,"javascriptCanOpenWindows":true,"javascriptEnabled":true,"loadImages":true,"localToRemoteUrlAccessEnabled":false,"userAgent":"Mozilla/5.0 (Windows NT 6.2; WOW64) AppleWebKit/538.1 (KHTML, like Gecko) PhantomJS/2.1.1 Safari/538.1","webSecurityEnabled":true}
[INFO  - 2019-09-09T05:46:35.251Z] Session [2f1ed1d0-d2c5-11e9-94fb-77d690a33862] - page.customHeaders:  - {}
[INFO  - 2019-09-09T05:46:35.251Z] Session [2f1ed1d0-d2c5-11e9-94fb-77d690a33862] - Session.negotiatedCapabilities - {"browserName":"phantomjs","version":"2.1.1","driverName":"ghostdriver","driverVersion":"1.2.0","platform":"windows-10-32bit","javascriptEnabled":true,"takesScreenshot":true,"handlesAlerts":false,"databaseEnabled":false,"locationContextEnabled":false,"applicationCacheEnabled":false,"browserConnectionEnabled":false,"cssSelectorsEnabled":true,"webStorageEnabled":false,"rotatable":false,"acceptSslCerts":false,"nativeEvents":true,"proxy":{"proxyType":"direct"}}
[INFO  - 2019-09-09T05:46:35.251Z] SessionManagerReqHand - _postNewSessionCommand - New Session Created: 2f1ed1d0-d2c5-11e9-94fb-77d690a33862
[ERROR - 2019-09-09T05:46:54.311Z] WebElementLocator - _handleLocateCommand - Element(s) NOT Found: GAVE UP. Search Stop Time: 1568008014249

  phantomjs://platform/console++.js:263 in error
[ERROR - 2019-09-09T05:46:57.535Z] WebElementLocator - _handleLocateCommand - Element(s) NOT Found: GAVE UP. Search Stop Time: 1568008017483

  phantomjs://platform/console++.js:263 in error
[ERROR - 2019-09-09T05:47:11.666Z] WebElementLocator - _handleLocateCommand - Element(s) NOT Found: GAVE UP. Search Stop Time: 1568008031649

  phantomjs://platform/console++.js:263 in error
[ERROR - 2019-09-09T05:47:29.022Z] WebElementLocator - _handleLocateCommand - Element(s) NOT Found: GAVE UP. Search Stop Time: 1568008049003

  phantomjs://platform/console++.js:263 in error
[ERROR - 2019-09-09T05:47:59.677Z] WebElementLocator - _handleLocateCommand - Element(s) NOT Found: GAVE UP. Search Stop Time: 1568008079562

  phantomjs://platform/console++.js:263 in error
[ERROR - 2019-09-09T05:48:02.565Z] WebElementLocator - _handleLocateCommand - Element(s) NOT Found: GAVE UP. Search Stop Time: 1568008082530

  phantomjs://platform/console++.js:263 in error
[ERROR - 2019-09-09T05:48:26.423Z] WebElementLocator - _handleLocateCommand - Element(s) NOT Found: GAVE UP. Search Stop Time: 1568008106406

  phantomjs://platform/console++.js:263 in error
[ERROR - 2019-09-09T05:48:28.887Z] WebElementLocator - _handleLocateCommand - Element(s) NOT Found: GAVE UP. Search Stop Time: 1568008107192

  phantomjs://platform/console++.js:263 in error
[ERROR - 2019-09-09T05:48:36.762Z] WebElementLocator - _handleLocateCommand - Element(s) NOT Found: GAVE UP. Search Stop Time: 1568008116731

  phantomjs://platform/console++.js:263 in error
[ERROR - 2019-09-09T05:48:42.194Z] WebElementLocator - _handleLocateCommand - Element(s) NOT Found: GAVE UP. Search Stop Time: 1568008122177

  phantomjs://platform/console++.js:263 in error
[ERROR - 2019-09-09T05:48:48.126Z] WebElementLocator - _handleLocateCommand - Element(s) NOT Found: GAVE UP. Search Stop Time: 1568008128079

  phantomjs://platform/console++.js:263 in error
[ERROR - 2019-09-09T05:48:56.408Z] WebElementLocator - _handleLocateCommand - Element(s) NOT Found: GAVE UP. Search Stop Time: 1568008136385

  phantomjs://platform/console++.js:263 in error
[ERROR - 2019-09-09T05:49:00.001Z] WebElementLocator - _handleLocateCommand - Element(s) NOT Found: GAVE UP. Search Stop Time: 1568008138086

  phantomjs://platform/console++.js:263 in error
[ERROR - 2019-09-09T05:49:01.850Z] WebElementLocator - _handleLocateCommand - Element(s) NOT Found: GAVE UP. Search Stop Time: 1568008141848

  phantomjs://platform/console++.js:263 in error
[ERROR - 2019-09-09T05:49:23.997Z] WebElementLocator - _handleLocateCommand - Element(s) NOT Found: GAVE UP. Search Stop Time: 1568008163968

  phantomjs://platform/console++.js:263 in error
[ERROR - 2019-09-09T05:49:25.870Z] WebElementLocator - _handleLocateCommand - Element(s) NOT Found: GAVE UP. Search Stop Time: 1568008165849

  phantomjs://platform/console++.js:263 in error
[ERROR - 2019-09-09T05:49:33.420Z] WebElementLocator - _handleLocateCommand - Element(s) NOT Found: GAVE UP. Search Stop Time: 1568008173268

  phantomjs://platform/console++.js:263 in error
[ERROR - 2019-09-09T05:49:41.152Z] WebElementLocator - _handleLocateCommand - Element(s) NOT Found: GAVE UP. Search Stop Time: 1568008181127

  phantomjs://platform/console++.js:263 in error
[ERROR - 2019-09-09T05:50:27.324Z] WebElementLocator - _handleLocateCommand - Element(s) NOT Found: GAVE UP. Search Stop Time: 1568008227306

  phantomjs://platform/console++.js:263 in error
[ERROR - 2019-09-09T05:50:33.790Z] WebElementLocator - _handleLocateCommand - Element(s) NOT Found: GAVE UP. Search Stop Time: 1568008231927

  phantomjs://platform/console++.js:263 in error
[ERROR - 2019-09-09T05:50:35.801Z] WebElementLocator - _handleLocateCommand - Element(s) NOT Found: GAVE UP. Search Stop Time: 1568008235728

  phantomjs://platform/console++.js:263 in error
[ERROR - 2019-09-09T05:50:42.594Z] WebElementLocator - _handleLocateCommand - Element(s) NOT Found: GAVE UP. Search Stop Time: 1568008242577

  phantomjs://platform/console++.js:263 in error
[ERROR - 2019-09-09T05:50:45.038Z] WebElementLocator - _handleLocateCommand - Element(s) NOT Found: GAVE UP. Search Stop Time: 1568008243270

  phantomjs://platform/console++.js:263 in error
[ERROR - 2019-09-09T05:50:55.705Z] WebElementLocator - _handleLocateCommand - Element(s) NOT Found: GAVE UP. Search Stop Time: 1568008255660

  phantomjs://platform/console++.js:263 in error
[INFO  - 2019-09-09T05:51:31.370Z] SessionManagerReqHand - _cleanupWindowlessSessions - Asynchronous Sessions clean-up phase starting NOW
[ERROR - 2019-09-09T05:51:53.555Z] WebElementLocator - _handleLocateCommand - Element(s) NOT Found: GAVE UP. Search Stop Time: 1568008313533

  phantomjs://platform/console++.js:263 in error
[ERROR - 2019-09-09T05:51:54.221Z] WebElementLocator - _handleLocateCommand - Element(s) NOT Found: GAVE UP. Search Stop Time: 1568008314195

  phantomjs://platform/console++.js:263 in error
[ERROR - 2019-09-09T05:52:03.106Z] WebElementLocator - _handleLocateCommand - Element(s) NOT Found: GAVE UP. Search Stop Time: 1568008323088

  phantomjs://platform/console++.js:263 in error
[ERROR - 2019-09-09T05:52:04.895Z] WebElementLocator - _handleLocateCommand - Element(s) NOT Found: GAVE UP. Search Stop Time: 1568008324841

  phantomjs://platform/console++.js:263 in error
[ERROR - 2019-09-09T05:52:15.096Z] WebElementLocator - _handleLocateCommand - Element(s) NOT Found: GAVE UP. Search Stop Time: 1568008335038

  phantomjs://platform/console++.js:263 in error
[ERROR - 2019-09-09T05:52:16.700Z] WebElementLocator - _handleLocateCommand - Element(s) NOT Found: GAVE UP. Search Stop Time: 1568008336666

  phantomjs://platform/console++.js:263 in error
[ERROR - 2019-09-09T05:52:43.319Z] WebElementLocator - _handleLocateCommand - Element(s) NOT Found: GAVE UP. Search Stop Time: 1568008363302

  phantomjs://platform/console++.js:263 in error
[ERROR - 2019-09-09T05:52:45.610Z] WebElementLocator - _handleLocateCommand - Element(s) NOT Found: GAVE UP. Search Stop Time: 1568008364087

  phantomjs://platform/console++.js:263 in error
[ERROR - 2019-09-09T05:53:32.436Z] WebElementLocator - _handleLocateCommand - Element(s) NOT Found: GAVE UP. Search Stop Time: 1568008412400

  phantomjs://platform/console++.js:263 in error
[ERROR - 2019-09-09T05:53:34.861Z] WebElementLocator - _handleLocateCommand - Element(s) NOT Found: GAVE UP. Search Stop Time: 1568008413154

  phantomjs://platform/console++.js:263 in error
[ERROR - 2019-09-09T05:53:42.782Z] WebElementLocator - _handleLocateCommand - Element(s) NOT Found: GAVE UP. Search Stop Time: 1568008422765

  phantomjs://platform/console++.js:263 in error
[ERROR - 2019-09-09T05:53:46.492Z] WebElementLocator - _handleLocateCommand - Element(s) NOT Found: GAVE UP. Search Stop Time: 1568008426435

  phantomjs://platform/console++.js:263 in error
[ERROR - 2019-09-09T05:54:20.084Z] WebElementLocator - _handleLocateCommand - Element(s) NOT Found: GAVE UP. Search Stop Time: 1568008460062

  phantomjs://platform/console++.js:263 in error
[ERROR - 2019-09-09T05:54:22.504Z] WebElementLocator - _handleLocateCommand - Element(s) NOT Found: GAVE UP. Search Stop Time: 1568008460817

  phantomjs://platform/console++.js:263 in error
[ERROR - 2019-09-09T05:54:39.713Z] WebElementLocator - _handleLocateCommand - Element(s) NOT Found: GAVE UP. Search Stop Time: 1568008479691

  phantomjs://platform/console++.js:263 in error
[ERROR - 2019-09-09T05:54:42.272Z] WebElementLocator - _handleLocateCommand - Element(s) NOT Found: GAVE UP. Search Stop Time: 1568008480410

  phantomjs://platform/console++.js:263 in error
[ERROR - 2019-09-09T05:55:03.384Z] WebElementLocator - _handleLocateCommand - Element(s) NOT Found: GAVE UP. Search Stop Time: 1568008503367

  phantomjs://platform/console++.js:263 in error
[ERROR - 2019-09-09T05:55:03.977Z] WebElementLocator - _handleLocateCommand - Element(s) NOT Found: GAVE UP. Search Stop Time: 1568008503941

  phantomjs://platform/console++.js:263 in error
[ERROR - 2019-09-09T05:55:14.368Z] WebElementLocator - _handleLocateCommand - Element(s) NOT Found: GAVE UP. Search Stop Time: 1568008514343

  phantomjs://platform/console++.js:263 in error
[ERROR - 2019-09-09T05:55:25.951Z] WebElementLocator - _handleLocateCommand - Element(s) NOT Found: GAVE UP. Search Stop Time: 1568008525913

  phantomjs://platform/console++.js:263 in error
[ERROR - 2019-09-09T05:55:33.246Z] WebElementLocator - _handleLocateCommand - Element(s) NOT Found: GAVE UP. Search Stop Time: 1568008533229

  phantomjs://platform/console++.js:263 in error
[ERROR - 2019-09-09T05:55:35.155Z] WebElementLocator - _handleLocateCommand - Element(s) NOT Found: GAVE UP. Search Stop Time: 1568008535137

  phantomjs://platform/console++.js:263 in error
[ERROR - 2019-09-09T05:55:38.607Z] WebElementLocator - _handleLocateCommand - Element(s) NOT Found: GAVE UP. Search Stop Time: 1568008538591

  phantomjs://platform/console++.js:263 in error
[ERROR - 2019-09-09T05:55:44.216Z] WebElementLocator - _handleLocateCommand - Element(s) NOT Found: GAVE UP. Search Stop Time: 1568008542381

  phantomjs://platform/console++.js:263 in error
[ERROR - 2019-09-09T05:55:44.861Z] WebElementLocator - _handleLocateCommand - Element(s) NOT Found: GAVE UP. Search Stop Time: 1568008544822

  phantomjs://platform/console++.js:263 in error
[INFO  - 2019-09-09T05:56:31.370Z] SessionManagerReqHand - _cleanupWindowlessSessions - Asynchronous Sessions clean-up phase starting NOW
[ERROR - 2019-09-09T05:56:53.752Z] WebElementLocator - _handleLocateCommand - Element(s) NOT Found: GAVE UP. Search Stop Time: 1568008613714

  phantomjs://platform/console++.js:263 in error
[ERROR - 2019-09-09T05:56:55.590Z] WebElementLocator - _handleLocateCommand - Element(s) NOT Found: GAVE UP. Search Stop Time: 1568008615572

  phantomjs://platform/console++.js:263 in error
[ERROR - 2019-09-09T05:57:05.671Z] WebElementLocator - _handleLocateCommand - Element(s) NOT Found: GAVE UP. Search Stop Time: 1568008625653

  phantomjs://platform/console++.js:263 in error
[ERROR - 2019-09-09T05:57:06.284Z] WebElementLocator - _handleLocateCommand - Element(s) NOT Found: GAVE UP. Search Stop Time: 1568008626256

  phantomjs://platform/console++.js:263 in error
[ERROR - 2019-09-09T05:57:13.940Z] WebElementLocator - _handleLocateCommand - Element(s) NOT Found: GAVE UP. Search Stop Time: 1568008631908

  phantomjs://platform/console++.js:263 in error
[ERROR - 2019-09-09T05:57:14.610Z] WebElementLocator - _handleLocateCommand - Element(s) NOT Found: GAVE UP. Search Stop Time: 1568008634560

  phantomjs://platform/console++.js:263 in error
[ERROR - 2019-09-09T05:57:27.830Z] WebElementLocator - _handleLocateCommand - Element(s) NOT Found: GAVE UP. Search Stop Time: 1568008647813

  phantomjs://platform/console++.js:263 in error
[ERROR - 2019-09-09T05:57:30.249Z] WebElementLocator - _handleLocateCommand - Element(s) NOT Found: GAVE UP. Search Stop Time: 1568008648628

  phantomjs://platform/console++.js:263 in error
[ERROR - 2019-09-09T05:57:44.201Z] WebElementLocator - _handleLocateCommand - Element(s) NOT Found: GAVE UP. Search Stop Time: 1568008664091

  phantomjs://platform/console++.js:263 in error
[ERROR - 2019-09-09T05:57:47.189Z] WebElementLocator - _handleLocateCommand - Element(s) NOT Found: GAVE UP. Search Stop Time: 1568008667144

  phantomjs://platform/console++.js:263 in error
[ERROR - 2019-09-09T05:58:06.392Z] WebElementLocator - _handleLocateCommand - Element(s) NOT Found: GAVE UP. Search Stop Time: 1568008686376

  phantomjs://platform/console++.js:263 in error
[ERROR - 2019-09-09T05:58:08.714Z] WebElementLocator - _handleLocateCommand - Element(s) NOT Found: GAVE UP. Search Stop Time: 1568008687066

  phantomjs://platform/console++.js:263 in error
[ERROR - 2019-09-09T05:59:45.127Z] WebElementLocator - _handleLocateCommand - Element(s) NOT Found: GAVE UP. Search Stop Time: 1568008785082

  phantomjs://platform/console++.js:263 in error
[ERROR - 2019-09-09T05:59:57.655Z] WebElementLocator - _handleLocateCommand - Element(s) NOT Found: GAVE UP. Search Stop Time: 1568008797632

  phantomjs://platform/console++.js:263 in error
[ERROR - 2019-09-09T05:59:58.215Z] WebElementLocator - _handleLocateCommand - Element(s) NOT Found: GAVE UP. Search Stop Time: 1568008798198

  phantomjs://platform/console++.js:263 in error
[ERROR - 2019-09-09T06:00:20.680Z] WebElementLocator - _handleLocateCommand - Element(s) NOT Found: GAVE UP. Search Stop Time: 1568008820662

  phantomjs://platform/console++.js:263 in error
[ERROR - 2019-09-09T06:00:21.295Z] WebElementLocator - _handleLocateCommand - Element(s) NOT Found: GAVE UP. Search Stop Time: 1568008821279

  phantomjs://platform/console++.js:263 in error
[ERROR - 2019-09-09T06:00:26.446Z] WebElementLocator - _handleLocateCommand - Element(s) NOT Found: GAVE UP. Search Stop Time: 1568008826427

  phantomjs://platform/console++.js:263 in error
[ERROR - 2019-09-09T06:00:46.063Z] WebElementLocator - _handleLocateCommand - Element(s) NOT Found: GAVE UP. Search Stop Time: 1568008846017

  phantomjs://platform/console++.js:263 in error
[ERROR - 2019-09-09T06:00:50.476Z] WebElementLocator - _handleLocateCommand - Element(s) NOT Found: GAVE UP. Search Stop Time: 1568008850459

  phantomjs://platform/console++.js:263 in error
[ERROR - 2019-09-09T06:00:57.399Z] WebElementLocator - _handleLocateCommand - Element(s) NOT Found: GAVE UP. Search Stop Time: 1568008857381

  phantomjs://platform/console++.js:263 in error
[ERROR - 2019-09-09T06:01:06.292Z] WebElementLocator - _handleLocateCommand - Element(s) NOT Found: GAVE UP. Search Stop Time: 1568008866275

  phantomjs://platform/console++.js:263 in error
[ERROR - 2019-09-09T06:01:08.076Z] WebElementLocator - _handleLocateCommand - Element(s) NOT Found: GAVE UP. Search Stop Time: 1568008868057

  phantomjs://platform/console++.js:263 in error
[ERROR - 2019-09-09T06:01:14.720Z] WebElementLocator - _handleLocateCommand - Element(s) NOT Found: GAVE UP. Search Stop Time: 1568008874671

  phantomjs://platform/console++.js:263 in error
[ERROR - 2019-09-09T06:01:15.329Z] WebElementLocator - _handleLocateCommand - Element(s) NOT Found: GAVE UP. Search Stop Time: 1568008875292

  phantomjs://platform/console++.js:263 in error
[INFO  - 2019-09-09T06:01:31.375Z] SessionManagerReqHand - _cleanupWindowlessSessions - Asynchronous Sessions clean-up phase starting NOW
[INFO  - 2019-09-09T06:06:31.383Z] SessionManagerReqHand - _cleanupWindowlessSessions - Asynchronous Sessions clean-up phase starting NOW
[INFO  - 2019-09-09T06:11:31.389Z] SessionManagerReqHand - _cleanupWindowlessSessions - Asynchronous Sessions clean-up phase starting NOW
[INFO  - 2019-09-09T06:11:31.389Z] SessionManagerReqHand - _cleanupWindowlessSessions - Deleted Session '2f1ed1d0-d2c5-11e9-94fb-77d690a33862', because windowless
